<?xml version="1.0" encoding="UTF-8"?>
<!-- Generated by org.testng.reporters.JUnitReportReporter -->
<testsuite hostname="DESKTOP-2KSAVQP" failures="0" tests="1" name="testcases.CheckoutTest" time="13.327" errors="0" timestamp="2025-06-14T23:19:19 IST" skipped="0">
  <testcase classname="testcases.CheckoutTest" name="completeCheckoutTest" time="13.327"/>
  <system-out/>
</testsuite> <!-- testcases.CheckoutTest -->
